0 info it worked if it ends with ok
1 verbose cli [ 'C:\\Program Files\\nodejs\\node.exe',
1 verbose cli   'C:\\Program Files\\nodejs\\node_modules\\npm\\bin\\npm-cli.js',
1 verbose cli   'run',
1 verbose cli   'tsc:w' ]
2 info using npm@3.10.10
3 info using node@v6.10.0
4 verbose run-script [ 'pretsc:w', 'tsc:w', 'posttsc:w' ]
5 info lifecycle badge-app@1.0.0~pretsc:w: badge-app@1.0.0
6 silly lifecycle badge-app@1.0.0~pretsc:w: no script for pretsc:w, continuing
7 info lifecycle badge-app@1.0.0~tsc:w: badge-app@1.0.0
8 verbose lifecycle badge-app@1.0.0~tsc:w: unsafe-perm in lifecycle true
9 verbose lifecycle badge-app@1.0.0~tsc:w: PATH: C:\Program Files\nodejs\node_modules\npm\bin\node-gyp-bin;D:\workspace\go\src\github.com\matthework\badgeapp\node_modules\.bin;C:\ProgramData\Oracle\Java\javapath;C:\Python35\Scripts\;C:\Python35\;C:\Program Files (x86)\Intel\iCLS Client\;C:\Program Files\Intel\iCLS Client\;C:\Windows\system32;C:\Windows;C:\Windows\System32\Wbem;C:\Windows\System32\WindowsPowerShell\v1.0\;C:\Program Files (x86)\Intel\Intel(R) Management Engine Components\DAL;C:\Program Files\Intel\Intel(R) Management Engine Components\DAL;C:\Program Files (x86)\Intel\Intel(R) Management Engine Components\IPT;C:\Program Files\Intel\Intel(R) Management Engine Components\IPT;C:\Go\bin;C:\Program Files\Git\cmd;C:\Program Files\nodejs\;D:\workspace\go\bin;C:\Users\MATT\AppData\Local\Microsoft\WindowsApps;C:\Program Files\Heroku\bin;C:\Users\MATT\AppData\Roaming\npm
10 verbose lifecycle badge-app@1.0.0~tsc:w: CWD: D:\workspace\go\src\github.com\matthework\badgeapp
11 silly lifecycle badge-app@1.0.0~tsc:w: Args: [ '/d /s /c', 'tsc -w' ]
12 silly lifecycle badge-app@1.0.0~tsc:w: Returned: code: 3221225786  signal: null
13 info lifecycle badge-app@1.0.0~tsc:w: Failed to exec tsc:w script
14 verbose stack Error: badge-app@1.0.0 tsc:w: `tsc -w`
14 verbose stack Exit status 3221225786
14 verbose stack     at EventEmitter.<anonymous> (C:\Program Files\nodejs\node_modules\npm\lib\utils\lifecycle.js:255:16)
14 verbose stack     at emitTwo (events.js:106:13)
14 verbose stack     at EventEmitter.emit (events.js:191:7)
14 verbose stack     at ChildProcess.<anonymous> (C:\Program Files\nodejs\node_modules\npm\lib\utils\spawn.js:40:14)
14 verbose stack     at emitTwo (events.js:106:13)
14 verbose stack     at ChildProcess.emit (events.js:191:7)
14 verbose stack     at maybeClose (internal/child_process.js:877:16)
14 verbose stack     at Process.ChildProcess._handle.onexit (internal/child_process.js:226:5)
15 verbose pkgid badge-app@1.0.0
16 verbose cwd D:\workspace\go\src\github.com\matthework\badgeapp
17 error Windows_NT 10.0.14393
18 error argv "C:\\Program Files\\nodejs\\node.exe" "C:\\Program Files\\nodejs\\node_modules\\npm\\bin\\npm-cli.js" "run" "tsc:w"
19 error node v6.10.0
20 error npm  v3.10.10
21 error code ELIFECYCLE
22 error badge-app@1.0.0 tsc:w: `tsc -w`
22 error Exit status 3221225786
23 error Failed at the badge-app@1.0.0 tsc:w script 'tsc -w'.
23 error Make sure you have the latest version of node.js and npm installed.
23 error If you do, this is most likely a problem with the badge-app package,
23 error not with npm itself.
23 error Tell the author that this fails on your system:
23 error     tsc -w
23 error You can get information on how to open an issue for this project with:
23 error     npm bugs badge-app
23 error Or if that isn't available, you can get their info via:
23 error     npm owner ls badge-app
23 error There is likely additional logging output above.
24 verbose exit [ 1, true ]
